# JRE version: OpenJDK Runtime Environment (8.0_131-b11) (build 1.8.0_131-8u131-b11-2ubuntu1.16.04.3-b11)
# Java VM: OpenJDK 64-Bit Server VM (25.131-b11 mixed mode linux-amd64 compressed oops)
Heap:
 PSYoungGen      total 163328K, used 102059K [0x00000000d6700000, 0x00000000e2e00000, 0x0000000100000000)
  eden space 154624K, 60% used [0x00000000d6700000,0x00000000dc29c298,0x00000000dfe00000)
  from space 8704K, 94% used [0x00000000e0280000,0x00000000e0a8ecf0,0x00000000e0b00000)
  to   space 24576K, 0% used [0x00000000e1600000,0x00000000e1600000,0x00000000e2e00000)
 ParOldGen       total 150528K, used 44062K [0x0000000083400000, 0x000000008c700000, 0x00000000d6700000)
  object space 150528K, 29% used [0x0000000083400000,0x0000000085f07968,0x000000008c700000)
 Metaspace       used 72541K, capacity 78880K, committed 79192K, reserved 1118208K
  class space    used 8606K, capacity 10502K, committed 10584K, reserved 1048576K
GC Heap History (10 events):
Event: 875.899 GC heap before
{Heap before GC invocations=22 (full 3):
 PSYoungGen      total 200192K, used 186851K [0x00000000d6700000, 0x00000000e4b00000, 0x0000000100000000)
  eden space 179200K, 100% used [0x00000000d6700000,0x00000000e1600000,0x00000000e1600000)
  from space 20992K, 36% used [0x00000000e3680000,0x00000000e3df8d20,0x00000000e4b00000)
  to   space 27136K, 0% used [0x00000000e1600000,0x00000000e1600000,0x00000000e3080000)
 ParOldGen       total 150528K, used 44030K [0x0000000083400000, 0x000000008c700000, 0x00000000d6700000)
  object space 150528K, 29% used [0x0000000083400000,0x0000000085eff968,0x000000008c700000)
 Metaspace       used 71862K, capacity 78114K, committed 78424K, reserved 1118208K
  class space    used 8576K, capacity 10487K, committed 10584K, reserved 1048576K
Event: 875.911 GC heap after
Heap after GC invocations=22 (full 3):
 PSYoungGen      total 183296K, used 8738K [0x00000000d6700000, 0x00000000e4500000, 0x0000000100000000)
  eden space 174080K, 0% used [0x00000000d6700000,0x00000000d6700000,0x00000000e1100000)
  from space 9216K, 94% used [0x00000000e1600000,0x00000000e1e88840,0x00000000e1f00000)
  to   space 26624K, 0% used [0x00000000e2b00000,0x00000000e2b00000,0x00000000e4500000)
 ParOldGen       total 150528K, used 44038K [0x0000000083400000, 0x000000008c700000, 0x00000000d6700000)
  object space 150528K, 29% used [0x0000000083400000,0x0000000085f01968,0x000000008c700000)
 Metaspace       used 71862K, capacity 78114K, committed 78424K, reserved 1118208K
  class space    used 8576K, capacity 10487K, committed 10584K, reserved 1048576K
}
Event: 943.918 GC heap before
{Heap before GC invocations=23 (full 3):
 PSYoungGen      total 183296K, used 182818K [0x00000000d6700000, 0x00000000e4500000, 0x0000000100000000)
  eden space 174080K, 100% used [0x00000000d6700000,0x00000000e1100000,0x00000000e1100000)
  from space 9216K, 94% used [0x00000000e1600000,0x00000000e1e88840,0x00000000e1f00000)
  to   space 26624K, 0% used [0x00000000e2b00000,0x00000000e2b00000,0x00000000e4500000)
 ParOldGen       total 150528K, used 44038K [0x0000000083400000, 0x000000008c700000, 0x00000000d6700000)
  object space 150528K, 29% used [0x0000000083400000,0x0000000085f01968,0x000000008c700000)
 Metaspace       used 72051K, capacity 78306K, committed 78680K, reserved 1118208K
  class space    used 8576K, capacity 10487K, committed 10584K, reserved 1048576K
Event: 943.932 GC heap after
Heap after GC invocations=23 (full 3):
 PSYoungGen      total 189440K, used 8667K [0x00000000d6700000, 0x00000000e3f00000, 0x0000000100000000)
  eden space 168960K, 0% used [0x00000000d6700000,0x00000000d6700000,0x00000000e0c00000)
  from space 20480K, 42% used [0x00000000e2b00000,0x00000000e3376d00,0x00000000e3f00000)
  to   space 26112K, 0% used [0x00000000e0c00000,0x00000000e0c00000,0x00000000e2580000)
 ParOldGen       total 150528K, used 44046K [0x0000000083400000, 0x000000008c700000, 0x00000000d6700000)
  object space 150528K, 29% used [0x0000000083400000,0x0000000085f03968,0x000000008c700000)
 Metaspace       used 72051K, capacity 78306K, committed 78680K, reserved 1118208K
  class space    used 8576K, capacity 10487K, committed 10584K, reserved 1048576K
}
Event: 1008.793 GC heap before
{Heap before GC invocations=24 (full 3):
 PSYoungGen      total 189440K, used 177627K [0x00000000d6700000, 0x00000000e3f00000, 0x0000000100000000)
  eden space 168960K, 100% used [0x00000000d6700000,0x00000000e0c00000,0x00000000e0c00000)
  from space 20480K, 42% used [0x00000000e2b00000,0x00000000e3376d00,0x00000000e3f00000)
  to   space 26112K, 0% used [0x00000000e0c00000,0x00000000e0c00000,0x00000000e2580000)
 ParOldGen       total 150528K, used 44046K [0x0000000083400000, 0x000000008c700000, 0x00000000d6700000)
  object space 150528K, 29% used [0x0000000083400000,0x0000000085f03968,0x000000008c700000)
 Metaspace       used 72222K, capacity 78562K, committed 78936K, reserved 1118208K
  class space    used 8576K, capacity 10487K, committed 10584K, reserved 1048576K
Event: 1008.804 GC heap after
Heap after GC invocations=24 (full 3):
 PSYoungGen      total 173056K, used 9035K [0x00000000d6700000, 0x00000000e3900000, 0x0000000100000000)
  eden space 163840K, 0% used [0x00000000d6700000,0x00000000d6700000,0x00000000e0700000)
  from space 9216K, 98% used [0x00000000e0c00000,0x00000000e14d2d10,0x00000000e1500000)
  to   space 25600K, 0% used [0x00000000e2000000,0x00000000e2000000,0x00000000e3900000)
 ParOldGen       total 150528K, used 44054K [0x0000000083400000, 0x000000008c700000, 0x00000000d6700000)
  object space 150528K, 29% used [0x0000000083400000,0x0000000085f05968,0x000000008c700000)
 Metaspace       used 72222K, capacity 78562K, committed 78936K, reserved 1118208K
  class space    used 8576K, capacity 10487K, committed 10584K, reserved 1048576K
}
Event: 1073.675 GC heap before
{Heap before GC invocations=25 (full 3):
 PSYoungGen      total 173056K, used 172875K [0x00000000d6700000, 0x00000000e3900000, 0x0000000100000000)
  eden space 163840K, 100% used [0x00000000d6700000,0x00000000e0700000,0x00000000e0700000)
  from space 9216K, 98% used [0x00000000e0c00000,0x00000000e14d2d10,0x00000000e1500000)
  to   space 25600K, 0% used [0x00000000e2000000,0x00000000e2000000,0x00000000e3900000)
 ParOldGen       total 150528K, used 44054K [0x0000000083400000, 0x000000008c700000, 0x00000000d6700000)
  object space 150528K, 29% used [0x0000000083400000,0x0000000085f05968,0x000000008c700000)
 Metaspace       used 72477K, capacity 78816K, committed 79192K, reserved 1118208K
  class space    used 8604K, capacity 10502K, committed 10584K, reserved 1048576K
Event: 1073.690 GC heap after
Heap after GC invocations=25 (full 3):
 PSYoungGen      total 179200K, used 9067K [0x00000000d6700000, 0x00000000e3380000, 0x0000000100000000)
  eden space 159232K, 0% used [0x00000000d6700000,0x00000000d6700000,0x00000000e0280000)
  from space 19968K, 45% used [0x00000000e2000000,0x00000000e28dad10,0x00000000e3380000)
  to   space 25088K, 0% used [0x00000000e0280000,0x00000000e0280000,0x00000000e1b00000)
 ParOldGen       total 150528K, used 44054K [0x0000000083400000, 0x000000008c700000, 0x00000000d6700000)
  object space 150528K, 29% used [0x0000000083400000,0x0000000085f05968,0x000000008c700000)
 Metaspace       used 72477K, capacity 78816K, committed 79192K, reserved 1118208K
  class space    used 8604K, capacity 10502K, committed 10584K, reserved 1048576K
}
Event: 1154.728 GC heap before
{Heap before GC invocations=26 (full 3):
 PSYoungGen      total 179200K, used 168299K [0x00000000d6700000, 0x00000000e3380000, 0x0000000100000000)
  eden space 159232K, 100% used [0x00000000d6700000,0x00000000e0280000,0x00000000e0280000)
  from space 19968K, 45% used [0x00000000e2000000,0x00000000e28dad10,0x00000000e3380000)
  to   space 25088K, 0% used [0x00000000e0280000,0x00000000e0280000,0x00000000e1b00000)
 ParOldGen       total 150528K, used 44054K [0x0000000083400000, 0x000000008c700000, 0x00000000d6700000)
  object space 150528K, 29% used [0x0000000083400000,0x0000000085f05968,0x000000008c700000)
 Metaspace       used 72502K, capacity 78880K, committed 79192K, reserved 1118208K
  class space    used 8604K, capacity 10502K, committed 10584K, reserved 1048576K
Event: 1154.742 GC heap after
Heap after GC invocations=26 (full 3):
 PSYoungGen      total 163328K, used 8251K [0x00000000d6700000, 0x00000000e2e00000, 0x0000000100000000)
  eden space 154624K, 0% used [0x00000000d6700000,0x00000000d6700000,0x00000000dfe00000)
  from space 8704K, 94% used [0x00000000e0280000,0x00000000e0a8ecf0,0x00000000e0b00000)
  to   space 24576K, 0% used [0x00000000e1600000,0x00000000e1600000,0x00000000e2e00000)
 ParOldGen       total 150528K, used 44062K [0x0000000083400000, 0x000000008c700000, 0x00000000d6700000)
  object space 150528K, 29% used [0x0000000083400000,0x0000000085f07968,0x000000008c700000)
 Metaspace       used 72502K, capacity 78880K, committed 79192K, reserved 1118208K
  class space    used 8604K, capacity 10502K, committed 10584K, reserved 1048576K
}

